<?xml version="1.0" encoding="UTF-8"?>
<alr:test-suite xmlns:alr="urn:model.allure.qatools.yandex.ru" start="1580824898953" stop="1580824899195" version="1.4.0">
  <name>Magento\Test\Php\LiveCodeTest</name>
  <test-cases>
    <test-case start="1580824898954" stop="1580824898963" status="broken">
      <name>testCodeStyle</name>
      <failure>
        <message>Class 'Magento\TestFramework\CodingStandard\Tool\CodeSniffer' not found</message>
        <stack-trace>#0 /var/www/html/magento2/vendor/phpunit/phpunit/src/Framework/TestCase.php(894): PHPUnit\Framework\TestResult-&gt;run(Object(Magento\Test\Php\LiveCodeTest))
#1 /var/www/html/magento2/vendor/phpunit/phpunit/src/Framework/TestSuite.php(755): PHPUnit\Framework\TestCase-&gt;run(Object(PHPUnit\Framework\TestResult))
#2 /var/www/html/magento2/vendor/phpunit/phpunit/src/Framework/TestSuite.php(755): PHPUnit\Framework\TestSuite-&gt;run(Object(PHPUnit\Framework\TestResult))
#3 /var/www/html/magento2/vendor/phpunit/phpunit/src/TextUI/TestRunner.php(545): PHPUnit\Framework\TestSuite-&gt;run(Object(PHPUnit\Framework\TestResult))
#4 /var/www/html/magento2/vendor/phpunit/phpunit/src/TextUI/Command.php(195): PHPUnit\TextUI\TestRunner-&gt;doRun(Object(PHPUnit\Framework\TestSuite), Array, true)
#5 /var/www/html/magento2/vendor/phpunit/phpunit/src/TextUI/Command.php(148): PHPUnit\TextUI\Command-&gt;run(Array, true)
#6 /var/www/html/magento2/vendor/phpunit/phpunit/phpunit(53): PHPUnit\TextUI\Command::main()
#7 {main}</stack-trace>
      </failure>
    </test-case>
    <test-case start="1580824898963" stop="1580824898964" status="broken">
      <name>testCodeMess</name>
      <failure>
        <message>Class 'Magento\TestFramework\CodingStandard\Tool\CodeMessDetector' not found</message>
        <stack-trace>#0 /var/www/html/magento2/vendor/phpunit/phpunit/src/Framework/TestCase.php(894): PHPUnit\Framework\TestResult-&gt;run(Object(Magento\Test\Php\LiveCodeTest))
#1 /var/www/html/magento2/vendor/phpunit/phpunit/src/Framework/TestSuite.php(755): PHPUnit\Framework\TestCase-&gt;run(Object(PHPUnit\Framework\TestResult))
#2 /var/www/html/magento2/vendor/phpunit/phpunit/src/Framework/TestSuite.php(755): PHPUnit\Framework\TestSuite-&gt;run(Object(PHPUnit\Framework\TestResult))
#3 /var/www/html/magento2/vendor/phpunit/phpunit/src/TextUI/TestRunner.php(545): PHPUnit\Framework\TestSuite-&gt;run(Object(PHPUnit\Framework\TestResult))
#4 /var/www/html/magento2/vendor/phpunit/phpunit/src/TextUI/Command.php(195): PHPUnit\TextUI\TestRunner-&gt;doRun(Object(PHPUnit\Framework\TestSuite), Array, true)
#5 /var/www/html/magento2/vendor/phpunit/phpunit/src/TextUI/Command.php(148): PHPUnit\TextUI\Command-&gt;run(Array, true)
#6 /var/www/html/magento2/vendor/phpunit/phpunit/phpunit(53): PHPUnit\TextUI\Command::main()
#7 {main}</stack-trace>
      </failure>
    </test-case>
    <test-case start="1580824898964" stop="1580824898964" status="broken">
      <name>testCopyPaste</name>
      <failure>
        <message>Class 'Magento\TestFramework\CodingStandard\Tool\CopyPasteDetector' not found</message>
        <stack-trace>#0 /var/www/html/magento2/vendor/phpunit/phpunit/src/Framework/TestCase.php(894): PHPUnit\Framework\TestResult-&gt;run(Object(Magento\Test\Php\LiveCodeTest))
#1 /var/www/html/magento2/vendor/phpunit/phpunit/src/Framework/TestSuite.php(755): PHPUnit\Framework\TestCase-&gt;run(Object(PHPUnit\Framework\TestResult))
#2 /var/www/html/magento2/vendor/phpunit/phpunit/src/Framework/TestSuite.php(755): PHPUnit\Framework\TestSuite-&gt;run(Object(PHPUnit\Framework\TestResult))
#3 /var/www/html/magento2/vendor/phpunit/phpunit/src/TextUI/TestRunner.php(545): PHPUnit\Framework\TestSuite-&gt;run(Object(PHPUnit\Framework\TestResult))
#4 /var/www/html/magento2/vendor/phpunit/phpunit/src/TextUI/Command.php(195): PHPUnit\TextUI\TestRunner-&gt;doRun(Object(PHPUnit\Framework\TestSuite), Array, true)
#5 /var/www/html/magento2/vendor/phpunit/phpunit/src/TextUI/Command.php(148): PHPUnit\TextUI\Command-&gt;run(Array, true)
#6 /var/www/html/magento2/vendor/phpunit/phpunit/phpunit(53): PHPUnit\TextUI\Command::main()
#7 {main}</stack-trace>
      </failure>
    </test-case>
    <test-case start="1580824898964" stop="1580824898986" status="passed">
      <name>testStrictTypes</name>
    </test-case>
    <test-case start="1580824898986" stop="1580824898987" status="broken">
      <name>testPhpCompatibility</name>
      <failure>
        <message>Class 'Magento\TestFramework\CodingStandard\Tool\PhpCompatibility' not found</message>
        <stack-trace>#0 /var/www/html/magento2/vendor/phpunit/phpunit/src/Framework/TestCase.php(894): PHPUnit\Framework\TestResult-&gt;run(Object(Magento\Test\Php\LiveCodeTest))
#1 /var/www/html/magento2/vendor/phpunit/phpunit/src/Framework/TestSuite.php(755): PHPUnit\Framework\TestCase-&gt;run(Object(PHPUnit\Framework\TestResult))
#2 /var/www/html/magento2/vendor/phpunit/phpunit/src/Framework/TestSuite.php(755): PHPUnit\Framework\TestSuite-&gt;run(Object(PHPUnit\Framework\TestResult))
#3 /var/www/html/magento2/vendor/phpunit/phpunit/src/TextUI/TestRunner.php(545): PHPUnit\Framework\TestSuite-&gt;run(Object(PHPUnit\Framework\TestResult))
#4 /var/www/html/magento2/vendor/phpunit/phpunit/src/TextUI/Command.php(195): PHPUnit\TextUI\TestRunner-&gt;doRun(Object(PHPUnit\Framework\TestSuite), Array, true)
#5 /var/www/html/magento2/vendor/phpunit/phpunit/src/TextUI/Command.php(148): PHPUnit\TextUI\Command-&gt;run(Array, true)
#6 /var/www/html/magento2/vendor/phpunit/phpunit/phpunit(53): PHPUnit\TextUI\Command::main()
#7 {main}</stack-trace>
      </failure>
    </test-case>
    <test-case start="1580824898987" stop="1580824899195" status="broken">
      <name>testPhpStan</name>
      <failure>
        <message>Instance is not set yet.</message>
        <stack-trace>#0 /var/www/html/magento2/vendor/phpunit/phpunit/src/Framework/TestCase.php(894): PHPUnit\Framework\TestResult-&gt;run(Object(Magento\Test\Php\LiveCodeTest))
#1 /var/www/html/magento2/vendor/phpunit/phpunit/src/Framework/TestSuite.php(755): PHPUnit\Framework\TestCase-&gt;run(Object(PHPUnit\Framework\TestResult))
#2 /var/www/html/magento2/vendor/phpunit/phpunit/src/Framework/TestSuite.php(755): PHPUnit\Framework\TestSuite-&gt;run(Object(PHPUnit\Framework\TestResult))
#3 /var/www/html/magento2/vendor/phpunit/phpunit/src/TextUI/TestRunner.php(545): PHPUnit\Framework\TestSuite-&gt;run(Object(PHPUnit\Framework\TestResult))
#4 /var/www/html/magento2/vendor/phpunit/phpunit/src/TextUI/Command.php(195): PHPUnit\TextUI\TestRunner-&gt;doRun(Object(PHPUnit\Framework\TestSuite), Array, true)
#5 /var/www/html/magento2/vendor/phpunit/phpunit/src/TextUI/Command.php(148): PHPUnit\TextUI\Command-&gt;run(Array, true)
#6 /var/www/html/magento2/vendor/phpunit/phpunit/phpunit(53): PHPUnit\TextUI\Command::main()
#7 {main}</stack-trace>
      </failure>
    </test-case>
  </test-cases>
</alr:test-suite>
